<?xml version="1.0" encoding="utf-8"?><testsuites name="pytest tests"><testsuite name="pytest" errors="0" failures="0" skipped="0" tests="28" time="9.423" timestamp="2026-04-27T19:22:47.590432+00:00" hostname="agent-env-ee44c029-eafa-42d4-8d43-37d5b43813a9"><testcase classname="backend.tests.test_repairshop_backend.TestAuth" name="test_health" time="0.173" /><testcase classname="backend.tests.test_repairshop_backend.TestAuth" name="test_login_success_sets_httpOnly_cookies" time="0.386" /><testcase classname="backend.tests.test_repairshop_backend.TestAuth" name="test_login_invalid_credentials_401" time="0.351" /><testcase classname="backend.tests.test_repairshop_backend.TestAuth" name="test_me_with_cookie_returns_tenant_name" time="0.374" /><testcase classname="backend.tests.test_repairshop_backend.TestAuth" name="test_refresh_issues_new_access" time="0.491" /><testcase classname="backend.tests.test_repairshop_backend.TestAuth" name="test_register_creates_new_tenant" time="0.374" /><testcase classname="backend.tests.test_repairshop_backend.TestAuth" name="test_logout_clears_cookies" time="0.441" /><testcase classname="backend.tests.test_repairshop_backend.TestAuth" name="test_brute_force_lockout_after_5_fails" time="0.775" /><testcase classname="backend.tests.test_repairshop_backend.TestRBAC" name="test_staff_cannot_delete_maintenance" time="0.663" /><testcase classname="backend.tests.test_repairshop_backend.TestRBAC" name="test_staff_cannot_delete_debt" time="0.054" /><testcase classname="backend.tests.test_repairshop_backend.TestRBAC" name="test_staff_cannot_delete_part" time="0.051" /><testcase classname="backend.tests.test_repairshop_backend.TestRBAC" name="test_owner_can_invite_and_delete_user" time="0.051" /><testcase classname="backend.tests.test_repairshop_backend.TestCustomers" name="test_crud" time="0.311" /><testcase classname="backend.tests.test_repairshop_backend.TestSpareParts" name="test_crud_and_use_decrements" time="0.300" /><testcase classname="backend.tests.test_repairshop_backend.TestMaintenance" name="test_create_with_parts_auto_debt_and_profit" time="0.195" /><testcase classname="backend.tests.test_repairshop_backend.TestMaintenance" name="test_pay_maintenance_syncs_debt" time="0.110" /><testcase classname="backend.tests.test_repairshop_backend.TestMaintenance" name="test_complete_returns_whatsapp_payload" time="0.094" /><testcase classname="backend.tests.test_repairshop_backend.TestMaintenance" name="test_followup_sent_returns_payload" time="0.098" /><testcase classname="backend.tests.test_repairshop_backend.TestMaintenance" name="test_pending_followups_listing" time="1.808" /><testcase classname="backend.tests.test_repairshop_backend.TestMaintenance" name="test_update_maintenance_restores_and_reapplies_parts" time="0.103" /><testcase classname="backend.tests.test_repairshop_backend.TestDebts" name="test_partial_then_full_pay" time="0.309" /><testcase classname="backend.tests.test_repairshop_backend.TestDashboard" name="test_stats_has_all_keys" time="0.053" /><testcase classname="backend.tests.test_repairshop_backend.TestDashboard" name="test_search_returns_buckets" time="0.049" /><testcase classname="backend.tests.test_repairshop_backend.TestDashboard" name="test_audit_logs" time="0.049" /><testcase classname="backend.tests.test_repairshop_backend.TestSettings" name="test_get_and_patch" time="0.186" /><testcase classname="backend.tests.test_repairshop_backend.TestSettings" name="test_telegram_test_400_when_unconfigured" time="0.093" /><testcase classname="backend.tests.test_repairshop_backend.TestInvoices" name="test_pdf_stream" time="0.184" /><testcase classname="backend.tests.test_repairshop_backend.TestTenantIsolation" name="test_user_a_cannot_see_user_b_data" time="1.176" /></testsuite></testsuites>