<?xml version="1.0" encoding="utf-8"?><testsuites name="pytest tests"><testsuite name="pytest" errors="0" failures="0" skipped="0" tests="30" time="11.086" timestamp="2026-04-27T21:17:37.664805+00:00" hostname="agent-env-ee44c029-eafa-42d4-8d43-37d5b43813a9"><testcase classname="backend.tests.test_repairshop_backend.TestAuth" name="test_health" time="0.257" /><testcase classname="backend.tests.test_repairshop_backend.TestAuth" name="test_login_username_success_sets_httpOnly_cookies" time="0.374" /><testcase classname="backend.tests.test_repairshop_backend.TestAuth" name="test_login_invalid_credentials_401" time="0.353" /><testcase classname="backend.tests.test_repairshop_backend.TestAuth" name="test_login_unknown_user_401" time="0.167" /><testcase classname="backend.tests.test_repairshop_backend.TestAuth" name="test_register_endpoint_removed_404" time="0.180" /><testcase classname="backend.tests.test_repairshop_backend.TestAuth" name="test_me_returns_username_and_tenant" time="0.395" /><testcase classname="backend.tests.test_repairshop_backend.TestAuth" name="test_refresh_keeps_session" time="0.451" /><testcase classname="backend.tests.test_repairshop_backend.TestAuth" name="test_logout_clears_cookies" time="0.465" /><testcase classname="backend.tests.test_repairshop_backend.TestAuth" name="test_brute_force_lockout_per_username" time="0.724" /><testcase classname="backend.tests.test_repairshop_backend.TestProfile" name="test_change_password_wrong_current_returns_401" time="0.275" /><testcase classname="backend.tests.test_repairshop_backend.TestProfile" name="test_change_password_success_then_revert" time="2.098" /><testcase classname="backend.tests.test_repairshop_backend.TestProfile" name="test_change_username_invalid_400" time="0.251" /><testcase classname="backend.tests.test_repairshop_backend.TestProfile" name="test_change_username_wrong_password_401" time="0.276" /><testcase classname="backend.tests.test_repairshop_backend.TestProfile" name="test_change_username_success_then_revert" time="1.620" /><testcase classname="backend.tests.test_repairshop_backend.TestProfile" name="test_update_profile_name" time="0.207" /><testcase classname="backend.tests.test_repairshop_backend.TestRBAC" name="test_create_user_invalid_username_400" time="0.046" /><testcase classname="backend.tests.test_repairshop_backend.TestRBAC" name="test_list_users_returns_username_no_email" time="0.696" /><testcase classname="backend.tests.test_repairshop_backend.TestRBAC" name="test_staff_cannot_delete_maintenance" time="0.052" /><testcase classname="backend.tests.test_repairshop_backend.TestRBAC" name="test_staff_cannot_delete_debt" time="0.068" /><testcase classname="backend.tests.test_repairshop_backend.TestRBAC" name="test_staff_cannot_delete_part" time="0.054" /><testcase classname="backend.tests.test_repairshop_backend.TestRBAC" name="test_owner_can_delete_user" time="0.052" /><testcase classname="backend.tests.test_repairshop_backend.TestCustomers" name="test_crud" time="0.317" /><testcase classname="backend.tests.test_repairshop_backend.TestSpareParts" name="test_crud_and_use_decrements" time="0.354" /><testcase classname="backend.tests.test_repairshop_backend.TestMaintenance" name="test_create_with_parts_auto_debt_and_profit" time="0.201" /><testcase classname="backend.tests.test_repairshop_backend.TestMaintenance" name="test_pay_maintenance_syncs_debt" time="0.100" /><testcase classname="backend.tests.test_repairshop_backend.TestMaintenance" name="test_complete_returns_whatsapp_payload" time="0.100" /><testcase classname="backend.tests.test_repairshop_backend.TestDebts" name="test_partial_then_full_pay" time="0.312" /><testcase classname="backend.tests.test_repairshop_backend.TestDashboard" name="test_stats_has_all_keys" time="0.053" /><testcase classname="backend.tests.test_repairshop_backend.TestSettings" name="test_get_and_patch" time="0.209" /><testcase classname="backend.tests.test_repairshop_backend.TestInvoices" name="test_pdf_stream" time="0.162" /></testsuite></testsuites>